[    0.000000] Initializing cgroup subsys cpuset
[    0.000000] Initializing cgroup subsys cpu
[    0.000000] Initializing cgroup subsys cpuacct
[    0.000000] Linux version 4.4.0-101-generic (buildd@lcy01-amd64-006) (gcc version 5.4.0 20160609 (Ubuntu 5.4.0-6ubuntu1~16.04.5) ) #124-Ubuntu SMP Fri Nov 10 18:29:59 UTC 2017 (Ubuntu 4.4.0-101.124-generic 4.4.95)
[    0.000000] Command line: BOOT_IMAGE=/boot/vmlinuz-4.4.0-101-generic root=UUID=0a39d82d-3b5b-4d6e-820a-c9d43ab677e6 ro console=tty1 console=ttyS0
[    0.000000] KERNEL supported cpus:
[    0.000000]   Intel GenuineIntel
[    0.000000]   AMD AuthenticAMD
[    0.000000]   Centaur CentaurHauls
[    0.000000] x86/fpu: xstate_offset[2]:  576, xstate_sizes[2]:  256
[    0.000000] x86/fpu: Supporting XSAVE feature 0x01: 'x87 floating point registers'
[    0.000000] x86/fpu: Supporting XSAVE feature 0x02: 'SSE registers'
[    0.000000] x86/fpu: Supporting XSAVE feature 0x04: 'AVX registers'
[    0.000000] x86/fpu: Enabled xstate features 0x7, context size is 832 bytes, using 'standard' format.
[    0.000000] x86/fpu: Using 'lazy' FPU context switches.
[    0.000000] e820: BIOS-provided physical RAM map:
[    0.000000] BIOS-e820: [mem 0x0000000000000000-0x000000000009fbff] usable
[    0.000000] BIOS-e820: [mem 0x000000000009fc00-0x000000000009ffff] reserved
[    0.000000] BIOS-e820: [mem 0x00000000000f0000-0x00000000000fffff] reserved
[    0.000000] BIOS-e820: [mem 0x0000000000100000-0x000000003ffeffff] usable
[    0.000000] BIOS-e820: [mem 0x000000003fff0000-0x000000003fffffff] ACPI data
[    0.000000] BIOS-e820: [mem 0x00000000fec00000-0x00000000fec00fff] reserved
[    0.000000] BIOS-e820: [mem 0x00000000fee00000-0x00000000fee00fff] reserved
[    0.000000] BIOS-e820: [mem 0x00000000fffc0000-0x00000000ffffffff] reserved
[    0.000000] NX (Execute Disable) protection: active
[    0.000000] SMBIOS 2.5 present.
[    0.000000] Hypervisor detected: KVM
[    0.000000] e820: last_pfn = 0x3fff0 max_arch_pfn = 0x400000000
[    0.000000] MTRR: Disabled
[    0.000000] x86/PAT: MTRRs disabled, skipping PAT initialization too.
[    0.000000] CPU MTRRs all blank - virtualized system.
[    0.000000] x86/PAT: Configuration [0-7]: WB  WT  UC- UC  WB  WT  UC- UC  
[    0.000000] found SMP MP-table at [mem 0x0009fff0-0x0009ffff] mapped at [ffff88000009fff0]
[    0.000000] Scanning 1 areas for low memory corruption
[    0.000000] RAMDISK: [mem 0x3622e000-0x3710efff]
[    0.000000] ACPI: Early table checksum verification disabled
[    0.000000] ACPI: RSDP 0x00000000000E0000 000024 (v02 VBOX  )
[    0.000000] ACPI: XSDT 0x000000003FFF0030 00003C (v01 VBOX   VBOXXSDT 00000001 ASL  00000061)
[    0.000000] ACPI: FACP 0x000000003FFF00F0 0000F4 (v04 VBOX   VBOXFACP 00000001 ASL  00000061)
[    0.000000] ACPI: DSDT 0x000000003FFF0470 0021FF (v02 VBOX   VBOXBIOS 00000002 INTL 20100528)
[    0.000000] ACPI: FACS 0x000000003FFF0200 000040
[    0.000000] ACPI: FACS 0x000000003FFF0200 000040
[    0.000000] ACPI: APIC 0x000000003FFF0240 00005C (v02 VBOX   VBOXAPIC 00000001 ASL  00000061)
[    0.000000] ACPI: SSDT 0x000000003FFF02A0 0001CC (v01 VBOX   VBOXCPUT 00000002 INTL 20100528)
[    0.000000] No NUMA configuration found
[    0.000000] Faking a node at [mem 0x0000000000000000-0x000000003ffeffff]
[    0.000000] NODE_DATA(0) allocated [mem 0x3ffeb000-0x3ffeffff]
[    0.000000] kvm-clock: Using msrs 4b564d01 and 4b564d00
[    0.000000] kvm-clock: cpu 0, msr 0:3ffe3001, primary cpu clock
[    0.000000] kvm-clock: using sched offset of 3968028577 cycles
[    0.000000] clocksource: kvm-clock: mask: 0xffffffffffffffff max_cycles: 0x1cd42e4dffb, max_idle_ns: 881590591483 ns
[    0.000000] Zone ranges:
[    0.000000]   DMA      [mem 0x0000000000001000-0x0000000000ffffff]
[    0.000000]   DMA32    [mem 0x0000000001000000-0x000000003ffeffff]
[    0.000000]   Normal   empty
[    0.000000]   Device   empty
[    0.000000] Movable zone start for each node
[    0.000000] Early memory node ranges
[    0.000000]   node   0: [mem 0x0000000000001000-0x000000000009efff]
[    0.000000]   node   0: [mem 0x0000000000100000-0x000000003ffeffff]
[    0.000000] Initmem setup node 0 [mem 0x0000000000001000-0x000000003ffeffff]
[    0.000000] ACPI: PM-Timer IO Port: 0x4008
[    0.000000] IOAPIC[0]: apic_id 2, version 32, address 0xfec00000, GSI 0-23
[    0.000000] ACPI: INT_SRC_OVR (bus 0 bus_irq 0 global_irq 2 dfl dfl)
[    0.000000] ACPI: INT_SRC_OVR (bus 0 bus_irq 9 global_irq 9 high level)
[    0.000000] Using ACPI (MADT) for SMP configuration information
[    0.000000] smpboot: Allowing 2 CPUs, 0 hotplug CPUs
[    0.000000] PM: Registered nosave memory: [mem 0x00000000-0x00000fff]
[    0.000000] PM: Registered nosave memory: [mem 0x0009f000-0x0009ffff]
[    0.000000] PM: Registered nosave memory: [mem 0x000a0000-0x000effff]
[    0.000000] PM: Registered nosave memory: [mem 0x000f0000-0x000fffff]
[    0.000000] e820: [mem 0x40000000-0xfebfffff] available for PCI devices
[    0.000000] Booting paravirtualized kernel on KVM
[    0.000000] clocksource: refined-jiffies: mask: 0xffffffff max_cycles: 0xffffffff, max_idle_ns: 7645519600211568 ns
[    0.000000] setup_percpu: NR_CPUS:512 nr_cpumask_bits:512 nr_cpu_ids:2 nr_node_ids:1
[    0.000000] PERCPU: Embedded 34 pages/cpu @ffff88003fc00000 s98328 r8192 d32744 u1048576
[    0.000000] PV qspinlock hash table entries: 256 (order: 0, 4096 bytes)
[    0.000000] Built 1 zonelists in Node order, mobility grouping on.  Total pages: 257913
[    0.000000] Policy zone: DMA32
[    0.000000] Kernel command line: BOOT_IMAGE=/boot/vmlinuz-4.4.0-101-generic root=UUID=0a39d82d-3b5b-4d6e-820a-c9d43ab677e6 ro console=tty1 console=ttyS0
[    0.000000] PID hash table entries: 4096 (order: 3, 32768 bytes)
[    0.000000] Memory: 997328K/1048120K available (8484K kernel code, 1294K rwdata, 3988K rodata, 1492K init, 1316K bss, 50792K reserved, 0K cma-reserved)
[    0.000000] SLUB: HWalign=64, Order=0-3, MinObjects=0, CPUs=2, Nodes=1
[    0.000000] Hierarchical RCU implementation.
[    0.000000] 	Build-time adjustment of leaf fanout to 64.
[    0.000000] 	RCU restricting CPUs from NR_CPUS=512 to nr_cpu_ids=2.
[    0.000000] RCU: Adjusting geometry for rcu_fanout_leaf=64, nr_cpu_ids=2
[    0.000000] NR_IRQS:33024 nr_irqs:440 16
[    0.000000] Console: colour VGA+ 80x25
[    0.000000] console [tty1] enabled
[    0.000000] console [ttyS0] enabled
[    0.000000] tsc: Detected 2303.998 MHz processor
[    6.206536] Calibrating delay loop (skipped) preset value.. 4607.99 BogoMIPS (lpj=9215992)
[    6.273276] pid_max: default: 32768 minimum: 301
[    6.290252] ACPI: Core revision 20150930
[    6.341995] ACPI: 2 ACPI AML tables successfully acquired and loaded
[    6.440389] Security Framework initialized
[    6.494277] Yama: becoming mindful.
[    6.525144] AppArmor: AppArmor initialized
[    6.557727] Dentry cache hash table entries: 131072 (order: 8, 1048576 bytes)
[    6.668649] Inode-cache hash table entries: 65536 (order: 7, 524288 bytes)
[    6.761472] Mount-cache hash table entries: 2048 (order: 2, 16384 bytes)
[    6.843624] Mountpoint-cache hash table entries: 2048 (order: 2, 16384 bytes)
[    6.939577] Initializing cgroup subsys io
[    6.988735] Initializing cgroup subsys memory
[    7.046308] Initializing cgroup subsys devices
[    7.116411] Initializing cgroup subsys freezer
[    7.123295] Initializing cgroup subsys net_cls
[    7.168698] Initializing cgroup subsys perf_event
[    7.234384] Initializing cgroup subsys net_prio
[    7.284917] Initializing cgroup subsys hugetlb
[    7.332951] Initializing cgroup subsys pids
[    7.378471] CPU: Physical Processor ID: 0
[    7.405062] CPU: Processor Core ID: 0
[    7.406818] mce: CPU supports 0 MCE banks
[    7.407585] Last level iTLB entries: 4KB 64, 2MB 8, 4MB 8
[    7.408680] Last level dTLB entries: 4KB 64, 2MB 0, 4MB 0, 1GB 4
[    7.479638] Freeing SMP alternatives memory: 32K
[    7.546405] ftrace: allocating 32156 entries in 126 pages
[    7.646979] smpboot: APIC(0) Converting physical 0 to logical package 0
[    7.689211] smpboot: Max logical packages: 1
[    7.765248] x2apic enabled
[    7.797055] Switched APIC routing to physical x2apic.
[    7.859107] ..TIMER: vector=0x30 apic1=0 pin1=2 apic2=-1 pin2=-1
[    8.048327] smpboot: CPU0: Intel(R) Core(TM) i5-7360U CPU @ 2.30GHz (family: 0x6, model: 0x8e, stepping: 0x9)
[    8.141698] Performance Events: unsupported p6 CPU model 142 no PMU driver, software events only.
[    8.143369] KVM setup paravirtual spinlock
[    8.144693] x86: Booting SMP configuration:
[    8.145464] .... node  #0, CPUs:      #1
[    8.155792] kvm-clock: cpu 1, msr 0:3ffe3041, secondary cpu clock
[    8.158174] mce: CPU supports 0 MCE banks
[    8.162486] x86: Booted up 1 node, 2 CPUs
[    8.163585] smpboot: Total of 2 processors activated (9215.99 BogoMIPS)
[    8.225167] devtmpfs: initialized
[    8.262427] evm: security.selinux
[    8.291570] evm: security.SMACK64
[    8.316230] evm: security.SMACK64EXEC
[    8.347821] evm: security.SMACK64TRANSMUTE
[    8.391319] evm: security.SMACK64MMAP
[    8.423035] evm: security.ima
[    8.430176] evm: security.capability
[    8.449948] clocksource: jiffies: mask: 0xffffffff max_cycles: 0xffffffff, max_idle_ns: 7645041785100000 ns
[    8.495273] futex hash table entries: 512 (order: 3, 32768 bytes)
[    8.520328] pinctrl core: initialized pinctrl subsystem
[    8.578533] RTC time:  8:15:08, date: 11/22/17
[    8.625403] NET: Registered protocol family 16
[    8.668457] cpuidle: using governor ladder
[    8.708152] cpuidle: using governor menu
[    8.742204] PCCT header not found.
[    8.784819] ACPI: bus type PCI registered
[    8.823532] acpiphp: ACPI Hot Plug PCI Controller Driver version: 0.5
[    8.882076] PCI: Using configuration type 1 for base access
[    8.932990] ACPI: Added _OSI(Module Device)
[    8.946006] ACPI: Added _OSI(Processor Device)
[    8.983372] ACPI: Added _OSI(3.0 _SCP Extensions)
[    9.038316] ACPI: Added _OSI(Processor Aggregator Device)
[    9.084651] ACPI: Executed 1 blocks of module-level executable AML code
[    9.159665] ACPI: Interpreter enabled
[    9.194857] ACPI: (supports S0 S5)
[    9.210247] ACPI: Using IOAPIC for interrupt routing
[    9.257343] PCI: Using host bridge windows from ACPI; if necessary, use "pci=nocrs" and report a bug
[    9.342823] ACPI: PCI Root Bridge [PCI0] (domain 0000 [bus 00-ff])
[    9.386360] acpi PNP0A03:00: _OSC: OS supports [ASPM ClockPM Segments MSI]
[    9.387520] acpi PNP0A03:00: _OSC: not requesting OS control; OS requires [ExtendedConfig ASPM ClockPM MSI]
[    9.389204] acpi PNP0A03:00: fail to add MMCONFIG information, can't access extended PCI configuration space under this bridge.
[    9.465379] PCI host bridge to bus 0000:00
[    9.502052] pci_bus 0000:00: root bus resource [io  0x0000-0x0cf7 window]
[    9.546586] pci_bus 0000:00: root bus resource [io  0x0d00-0xffff window]
[    9.571294] pci_bus 0000:00: root bus resource [mem 0x000a0000-0x000bffff window]
[    9.609333] pci_bus 0000:00: root bus resource [mem 0x40000000-0xffdfffff window]
[    9.675119] pci_bus 0000:00: root bus resource [bus 00-ff]
[    9.732124] pci 0000:00:01.1: legacy IDE quirk: reg 0x10: [io  0x01f0-0x01f7]
[    9.758845] pci 0000:00:01.1: legacy IDE quirk: reg 0x14: [io  0x03f6]
[    9.841582] pci 0000:00:01.1: legacy IDE quirk: reg 0x18: [io  0x0170-0x0177]
[    9.917481] pci 0000:00:01.1: legacy IDE quirk: reg 0x1c: [io  0x0376]
[    9.965558] pci 0000:00:07.0: quirk: [io  0x4000-0x403f] claimed by PIIX4 ACPI
[   10.040447] pci 0000:00:07.0: quirk: [io  0x4100-0x410f] claimed by PIIX4 SMB
[   10.121303] ACPI: PCI Interrupt Link [LNKA] (IRQs 5 9 10 *11)
[   10.172350] ACPI: PCI Interrupt Link [LNKB] (IRQs 5 9 10 *11)
[   10.227902] ACPI: PCI Interrupt Link [LNKC] (IRQs 5 9 *10 11)
[   10.282589] ACPI: PCI Interrupt Link [LNKD] (IRQs 5 *9 10 11)
[   10.337328] ACPI: Enabled 2 GPEs in block 00 to 07
[   10.339573] vgaarb: setting as boot device: PCI:0000:00:02.0
[   10.403405] vgaarb: device added: PCI:0000:00:02.0,decodes=io+mem,owns=io+mem,locks=none
[   10.484849] vgaarb: loaded
[   10.513648] vgaarb: bridge control possible 0000:00:02.0
[   10.560119] SCSI subsystem initialized
[   10.594410] ACPI: bus type USB registered
[   10.620120] usbcore: registered new interface driver usbfs
[   10.645682] usbcore: registered new interface driver hub
[   10.697398] usbcore: registered new device driver usb
[   10.736045] PCI: Using ACPI for IRQ routing
[   10.769315] NetLabel: Initializing
[   10.798565] NetLabel:  domain hash size = 128
[   10.851619] NetLabel:  protocols = UNLABELED CIPSOv4
[   10.883893] NetLabel:  unlabeled traffic allowed by default
[   10.930400] amd_nb: Cannot enumerate AMD northbridges
[   10.979722] clocksource: Switched to clocksource kvm-clock
[   11.050355] AppArmor: AppArmor Filesystem Enabled
[   11.115352] pnp: PnP ACPI init
[   11.193777] pnp: PnP ACPI: found 3 devices
[   11.285484] clocksource: acpi_pm: mask: 0xffffff max_cycles: 0xffffff, max_idle_ns: 2085701024 ns
[   11.477621] NET: Registered protocol family 2
[   11.559696] TCP established hash table entries: 8192 (order: 4, 65536 bytes)
[   11.706657] TCP bind hash table entries: 8192 (order: 5, 131072 bytes)
[   11.818768] TCP: Hash tables configured (established 8192 bind 8192)
[   11.939507] UDP hash table entries: 512 (order: 2, 16384 bytes)
[   12.065701] UDP-Lite hash table entries: 512 (order: 2, 16384 bytes)
[   12.190883] NET: Registered protocol family 1
[   12.273830] pci 0000:00:00.0: Limiting direct PCI/PCI transfers
[   12.398997] pci 0000:00:01.0: Activating ISA DMA hang workarounds
[   12.522150] Unpacking initramfs...
[   12.777923] Freeing initrd memory: 15236K
[   12.821659] platform rtc_cmos: registered platform RTC device (no PNP device found)
[   12.863168] Scanning for low memory corruption every 60 seconds
[   12.905041] audit: initializing netlink subsys (disabled)
[   12.985546] audit: type=2000 audit(1511338507.830:1): initialized
[   13.044780] Initialise system trusted keyring
[   13.079400] HugeTLB registered 2 MB page size, pre-allocated 0 pages
[   13.126504] zbud: loaded
[   13.156504] VFS: Disk quotas dquot_6.6.0
[   13.237759] VFS: Dquot-cache hash table entries: 512 (order 0, 4096 bytes)
[   13.396613] squashfs: version 4.0 (2009/01/31) Phillip Lougher
[   13.445735] fuse init (API version 7.23)
[   13.529327] Key type big_key registered
[   13.621744] Allocating IMA MOK and blacklist keyrings.
[   13.740676] Key type asymmetric registered
[   13.765654] Asymmetric key parser 'x509' registered
[   13.778562] Block layer SCSI generic (bsg) driver version 0.4 loaded (major 249)
[   13.855788] tsc: Refined TSC clocksource calibration: 2303.261 MHz
[   13.891968] clocksource: tsc: mask: 0xffffffffffffffff max_cycles: 0x21333dc6ac5, max_idle_ns: 440795268282 ns
[   13.993826] io scheduler noop registered
[   14.028816] io scheduler deadline registered (default)
[   14.126833] io scheduler cfq registered
[   14.127637] pci_hotplug: PCI Hot Plug PCI Core version: 0.5
[   14.183026] pciehp: PCI Express Hot Plug Controller Driver version: 0.4
[   14.272223] ACPI: AC Adapter [AC] (on-line)
[   14.363217] input: Power Button as /devices/LNXSYSTM:00/LNXPWRBN:00/input/input0
[   14.599306] ACPI: Power Button [PWRF]
[   14.614465] input: Sleep Button as /devices/LNXSYSTM:00/LNXSLPBN:00/input/input1
[   14.734561] ACPI: Sleep Button [SLPF]
[   14.735583] GHES: HEST is not enabled!
[   14.800592] Serial: 8250/16550 driver, 32 ports, IRQ sharing enabled
[   14.948322] 00:02: ttyS0 at I/O 0x3f8 (irq = 4, base_baud = 115200) is a 16550A
[   14.990408] Linux agpgart interface v0.103
[   15.025447] loop: module loaded
[   15.058475] scsi host0: ata_piix
[   15.160512] scsi host1: ata_piix
[   15.163121] ata1: PATA max UDMA/33 cmd 0x1f0 ctl 0x3f6 bmdma 0xd000 irq 14
[   15.285551] ata2: PATA max UDMA/33 cmd 0x170 ctl 0x376 bmdma 0xd008 irq 15
[   15.351002] libphy: Fixed MDIO Bus: probed
[   15.353310] tun: Universal TUN/TAP device driver, 1.6
[   15.415108] tun: (C) 1999-2004 Max Krasnyansky <maxk@qualcomm.com>
[   15.420668] PPP generic driver version 2.4.2
[   15.464188] ehci_hcd: USB 2.0 'Enhanced' Host Controller (EHCI) Driver
[   15.546217] ehci-pci: EHCI PCI platform driver
[   15.681539] ehci-platform: EHCI generic platform driver
[   15.729196] ohci_hcd: USB 1.1 'Open' Host Controller (OHCI) Driver
[   15.826757] ohci-pci: OHCI PCI platform driver
[   15.880829] ohci-platform: OHCI generic platform driver
[   15.932210] uhci_hcd: USB Universal Host Controleer Interface driver
[   16.105960] i8042: PNP: PS/2 Controller [PNP0303:PS2K,PNP0f03:PS2M] at 0x60,0x64 irq 1,12
[   16.227527] serio: i8042 KBD port at 0x60,0x64 irq 1
[   16.249099] serio: i8042 AUX port at 0x60,0x64 irq 12
[   16.266609] mousedev: PS/2 mouse device common for all mice
[   16.322549] rtc_cmos rtc_cmos: rtc core: registered rtc_cmos as rtc0
[   16.350535] rtc_cmos rtc_cmos: alarms up to one day, 114 bytes nvram
[   16.405077] i2c /dev entries driver
[   16.405148] input: AT Translated Set 2 keyboard as /devices/platform/i8042/serio0/input/input2
[   16.606432] device-mapper: uevent: version 1.0.3
[   16.639480] device-mapper: ioctl: 4.34.0-ioctl (2015-10-28) initialised: dm-devel@redhat.com
[   16.689066] ledtrig-cpu: registered to indicate activity on CPUs
[   16.772615] NET: Registered protocol family 10
[   16.815780] NET: Registered protocol family 17
[   16.916771] Key type dns_resolver registered
[   16.948742] microcode: CPU0 sig=0x806e9, pf=0x8, revision=0x0
[   16.995731] microcode: CPU1 sig=0x806e9, pf=0x8, revision=0x0
[   17.088761] microcode: Microcode Update Driver: v2.01 <tigran@aivazian.fsnet.co.uk>, Peter Oruba
[   17.090496] registered taskstats version 1
[   17.097055] Loading compiled-in X.509 certificates
[   17.169290] Loaded X.509 cert 'Build time autogenerated kernel key: f91c6829a34a801956ec6287af569c0a1f1f8d39'
[   17.319672] zswap: loaded using pool lzo/zbud
[   17.373963] Key type trusted registered
[   17.443935] Key type encrypted registered
[   17.468337] AppArmor: AppArmor sha1 policy hashing enabled
[   17.469292] ima: No TPM chip found, activating TPM-bypass!
[   17.470252] evm: HMAC attrs: 0x1
[   17.471333]   Magic number: 9:251:271
[   17.516686] rtc_cmos rtc_cmos: setting system clock to 2017-11-22 08:15:17 UTC (1511338517)
[   17.518303] BIOS EDD facility v0.16 2004-Jun-25, 0 devices found
[   17.599476] EDD information not available.
[   17.635759] Freeing unused kernel memory: 1492K
[   17.727068] Write protecting the kernel read-only data: 14336k
[   17.874847] Freeing unused kernel memory: 1744K
[   17.973380] Freeing unused kernel memory: 108K
Loading, please [   18.072291] random: systemd-udevd: uninitialized urandom read (16 bytes read, 7 bits of entropy available)
wait...
starting version 229
[   18.072710] random: udevadm: uninitialized urandom read (16 bytes read, 7 bits of entropy available)
[   18.072723] random: udevadm: uninitialized urandom read (16 bytes read, 7 bits of entropy available)
[   18.077554] random: udevadm: uninitialized urandom read (16 bytes read, 7 bits of entropy available)
[   18.077580] random: udevadm: uninitialized urandom read (16 bytes read, 7 bits of entropy available)
[   18.077657] random: udevadm: uninitialized urandom read (16 bytes read, 7 bits of entropy available)
[   18.077688] random: udevadm: uninitialized urandom read (16 bytes read, 7 bits of entropy available)
[   18.077715] random: udevadm: uninitialized urandom read (16 bytes read, 7 bits of entropy available)
[   18.077743] random: udevadm: uninitialized urandom read (16 bytes read, 7 bits of entropy available)
[   18.077769] random: udevadm: uninitialized urandom read (16 bytes read, 7 bits of entropy available)
[   19.311727] e1000: Intel(R) PRO/1000 Network Driver - version 7.3.21-k8-NAPI
[   19.352620] e1000: Copyright (c) 1999-2006 Intel Corporation.
[   19.370053] AVX version of gcm_enc/dec engaged.
[   19.371178] Fusion MPT base driver 3.04.20
[   19.371178] Copyright (c) 1999-2008 LSI Corporation
[   19.389481] AES CTR mode by8 optimization enabled
[   19.395429] Fusion MPT SPI Host driver 3.04.20
[   19.595723] input: ImExPS/2 Generic Explorer Mouse as /devices/platform/i8042/serio1/input/input4
[   19.755002] e1000 0000:00:03.0 eth0: (PCI:33MHz:32-bit) 02:7e:71:36:a3:a3
[   19.836561] e1000 0000:00:03.0 eth0: Intel(R) PRO/1000 Network Connection
[   20.239842] e1000 0000:00:08.0 eth1: (PCI:33MHz:32-bit) 08:00:27:72:34:83
[   20.316785] e1000 0000:00:08.0 eth1: Intel(R) PRO/1000 Network Connection
[   20.326550] e1000 0000:00:08.0 enp0s8: renamed from eth1
[   20.447705] mptbase: ioc0: Initiating bringup
[   20.496524] e1000 0000:00:03.0 enp0s3: renamed from eth0
[   20.604231] ioc0: LSI53C1030 A0: Capabilities={Initiator}
[   20.861832] scsi host2: ioc0: LSI53C1030 A0, FwRev=00000000h, Ports=1, MaxQ=256, IRQ=20
[   21.132562] scsi 2:0:0:0: Direct-Access     VBOX     HARDDISK         1.0  PQ: 0 ANSI: 5
[   21.181753] scsi target2:0:0: Beginning Domain Validation
[   21.250460] scsi target2:0:0: Domain Validation skipping write tests
[   21.292753] scsi target2:0:0: Ending Domain Validation
[   21.362246] scsi target2:0:0: asynchronous
[   21.469682] scsi 2:0:1:0: Direct-Access     VBOX     HARDDISK         1.0  PQ: 0 ANSI: 5
[   21.603591] scsi target2:0:1: Beginning Domain Validation
[   21.630967] scsi target2:0:1: Domain Validation skipping write tests
[   21.699260] scsi target2:0:1: Ending Domain Validation
[   21.732482] scsi target2:0:1: asynchronous
[   21.761380] sd 2:0:0:0: Attached scsi generic sg0 type 0
[   21.828552] sd 2:0:0:0: [sda] 20971520 512-byte logical blocks: (10.7 GB/10.0 GiB)
[   21.887355] sd 2:0:1:0: Attached scsi generic sg1 type 0
[   21.944611] sd 2:0:1:0: [sdb] 20480 512-byte logical blocks: (10.5 MB/10.0 MiB)
[   21.944698] sd 2:0:0:0: [sda] Write Protect is off
[   21.944764] sd 2:0:0:0: [sda] Incomplete mode parameter data
[   21.944765] sd 2:0:0:0: [sda] Assuming drive cache: write through
[   22.042478]  sda: sda1
[   22.043111] sd 2:0:0:0: [sda] Attached SCSI disk
[   22.139426] sd 2:0:1:0: [sdb] Write Protect is off
[   22.177600] sd 2:0:1:0: [sdb] Incomplete mode parameter data
[   22.290893] sd 2:0:1:0: [sdb] Assuming drive cache: write through
[   22.328776] sd 2:0:1:0: [sdb] Attached SCSI disk
[   22.383960] floppy0: no floppy controllers found
Begin: Loading e[   23.827243] md: linear personality registered for level -1
ssential drivers[   23.968419] md: multipath personality registered for level -4
 ... [   24.012004] md: raid0 personality registered for level 0
[   24.077317] md: raid1 personality registered for level 1
[   24.171979] raid6: sse2x1   gen() 10220 MB/s
[   24.288284] raid6: sse2x1   xor()  6368 MB/s
[   24.395852] raid6: sse2x2   gen() 12293 MB/s
[   24.520021] raid6: sse2x2   xor()  8482 MB/s
[   24.635965] raid6: sse2x4   gen() 14056 MB/s
[   24.747899] raid6: sse2x4   xor()  9432 MB/s
[   24.800195] raid6: using algorithm sse2x4 gen() 14056 MB/s
[   24.865622] raid6: .... xor() 9432 MB/s, rmw enabled
[   24.924071] raid6: using ssse3x2 recovery algorithm
[   24.978704] xor: automatically using best checksumming function:
[   25.091960]    avx       : 25212.000 MB/sec
[   25.137074] async_tx: api initialized (async)
[   25.234953] md: raid6 personality registered for level 6
[   25.324611] md: raid5 personality registered for level 5
[   25.325545] md: raid4 personality registered for level 4
[   25.330850] md: raid10 personality registered for level 10
done.
Begin: Running[   25.421675] Btrfs loaded
 /scripts/init-premount ... done.
Begin: Mounting root file system ... Begin: Running /scripts/local-top ... done.
Begin: Running /scripts/local-premount ... Scanning for Btrfs filesystems
done.
Warning: fsck not present, so skipping root file system
[   25.575510] EXT4-fs (sda1): mounted filesystem with ordered data mode. Opts: (null)
done.
Begin: Running /scripts/local-bottom ... done.
Begin: Running /scripts/init-bottom ... done.
[   25.965387] random: nonblocking pool is initialized
[   26.788727] systemd[1]: systemd 229 running in system mode. (+PAM +AUDIT +SELINUX +IMA +APPARMOR +SMACK +SYSVINIT +UTMP +LIBCRYPTSETUP +GCRYPT +GNUTLS +ACL +XZ -LZ4 +SECCOMP +BLKID +ELFUTILS +KMOD -IDN)
[   26.989172] systemd[1]: Detected virtualization oracle.
[   27.032505] systemd[1]: Detected architecture x86-64.

Welcome to [1mUbuntu 16.04.3 LTS[0m!

[   27.201785] systemd[1]: Set hostname to <ubuntu-xenial>.
[   28.624806] systemd[1]: Started Forward Password Requests to Wall Directory Watch.
[[0;32m  OK  [0m] Started Forward Password Requests to Wall Directory Watch.
[   28.888230] systemd[1]: Started Trigger resolvconf update for networkd DNS.
[[0;32m  OK  [0m] Started Trigger resolvconf update for networkd DNS.
[   29.052933] systemd[1]: Listening on Device-mapper event daemon FIFOs.
[[0;32m  OK  [0m] Listening on Device-mapper event daemon FIFOs.
[   29.272377] systemd[1]: Reached target Encrypted Volumes.
[[0;32m  OK  [0m] Reached target Encrypted Volumes.
[   29.460395] systemd[1]: Listening on LVM2 poll daemon socket.
[[0;32m  OK  [0m] Listening on LVM2 poll daemon socket.
[   29.620843] systemd[1]: Reached target User and Group Name Lookups.
[[0;32m  OK  [0m] Reached target User and Group Name Lookups.
[   29.626237] systemd[1]: Listening on Journal Socket.
[[0;32m  OK  [0m] Listening on Journal Socket.
[   29.637849] systemd[1]: Listening on udev Control Socket.
[[0;32m  OK  [0m] Listening on udev Control Socket.
[   29.821202] systemd[1]: Created slice User and Session Slice.
[[0;32m  OK  [0m] Created slice User and Session Slice.
[   29.966797] systemd[1]: Listening on LVM2 metadata daemon socket.
[[0;32m  OK  [0m] Listening on LVM2 metadata daemon socket.
[   30.068229] systemd[1]: Reached target Swap.
[[0;32m  OK  [0m] Reached target Swap.
[   30.160627] systemd[1]: Listening on /dev/initctl Compatibility Named Pipe.
[[0;32m  OK  [0m] Listening on /dev/initctl Compatibility Named Pipe.
[   30.292388] systemd[1]: Created slice System Slice.
[[0;32m  OK  [0m] Created slice System Slice.
[   30.408282] systemd[1]: Mounting Debug File System...
         Mounting Debug File System...
[   30.524550] systemd[1]: Starting Remount Root and Kernel File Systems...
         Starting Remount Root and Kernel[   30.630348] EXT4-fs (sda1): re-mounted. Opts: (null)
 File Systems...
[   30.692197] systemd[1]: Starting Set console keymap...
         Starting Set console keymap...
[   30.749943] systemd[1]: Created slice system-serial\x2dgetty.slice.
[[0;32m  OK  [0m] Created slice system-serial\x2dgetty.slice.
[   30.907902] systemd[1]: Starting Monitoring of LVM2 mirrors, snapshots etc. using dmeventd or progress polling...
         Starting Monitoring of LVM2 mirrors... dmeventd or progress polling...
[   31.071974] systemd[1]: Mounting POSIX Message Queue File System...
         Mounting POSIX Message Queue File System...
[   31.212098] systemd[1]: Starting Nameserver information manager...
         Starting Nameserver information manager...
[   31.372628] systemd[1]: Starting Create list of required static device nodes for the current kernel...
         Starting Create list of required st... nodes for the current kernel...
[   31.584167] systemd[1]: Starting Load Kernel Modules...
         Starting Load Kernel Modules...
[   31.672271] systemd[1]: Starting Uncomplicated firewall...
         Starting Uncomplicated firewall...
[   31.784001] systemd[1]: Reached target Slices.
[[0;32m  OK  [0[   31.890121] Loading iSCSI transport class v2.0-870.
m] Reached target Slices.
[   31.966853] systemd[1]: Set up automount Arbitrary Executable File Formats File System Automount Point.
[[0;32m  OK  [0m] Set up automo[   32.089081] iscsi: registered transport (tcp)
unt Arbitrary Executab...ats File System Automount Point.
[   32.230421] systemd[1]: Listening on udev Kernel Socket.
[[0;32m  OK  [0m] Listening on udev Kernel Socket.
[   32.328050] systemd[1]: Mounting Huge Pages File System...
         [   32.393413] iscsi: registered transport (iser)
Mounting Huge Pages File System...
[   32.508380] systemd[1]: Listening on Journal Audit Socket.
[[0;32m  OK  [0m] Listening on Journal Audit Socket.
[   32.640523] systemd[1]: Listening on Journal Socket (/dev/log).
[[0;32m  OK  [0m] Listening on Journal Socket (/dev/log).
[   32.832641] systemd[1]: Listening on Syslog Socket.
[[0;32m  OK  [0m] Listening on Syslog Socket.
[   33.011959] systemd[1]: Starting Journal Service...
         Starting Journal Service...
[   33.096406] systemd[1]: Mounted Huge Pages File System.
[[0;32m  OK  [0m] Mounted Huge Pages File System.
[   33.208244] systemd[1]: Mounted POSIX Message Queue File System.
[[0;32m  OK  [0m] Mounted POSIX Message Queue File System.
[   33.380203] systemd[1]: Mounted Debug File System.
[[0;32m  OK  [0m] Mounted Debug File System.
[   33.516925] systemd[1]: Started Journal Service.
[[0;32m  OK  [0m] Started Journal Service.
[[0;32m  OK  [0m] Started Remount Root and Kernel File Systems.
[[0;32m  OK  [0m] Started Set console keymap.
[[0;32m  OK  [0m] Started Create list of required sta...ce nodes for the current kernel.
[[0;32m  OK  [0m] Started Load Kernel Modules.
[[0;32m  OK  [0m] Started Uncomplicated firewall.
[[0;32m  OK  [0m] Started LVM2 metadata daemon.
         Starting Apply Kernel Variables...
         Mounting FUSE Control File System...
         Starting Create Static Device Nodes in /dev...
         Starting Load/Save Random Seed...
         Starting Initial cloud-init job (pre-networking)...
         Starting udev Coldplug all Devices...
         Starting Flush Journal to Persistent Storage...
[[0;32m  OK  [0m] Mounted FUSE Control File System.
[[0;32m  OK  [0m] Started Monitoring of LVM2 mirrors,...ng dmeventd or progress polling.
[[0;32m  OK  [0m] Started Nameserver information manager.
[[0;32m  OK  [0m] Started Apply Kernel Variables.
[[0;32m  OK  [0m] Started Load/Save Random Seed.
[[0;32m  OK  [0m] Started udev Coldplug all Devices.
[[0;32m  OK  [0m] Started Create Static Device Nodes in /dev.
         Starting udev Kernel Device Manager...
[[0;32m  OK  [0m] Started Flush Journal to Persistent Storage.
[[0;32m  OK  [0m] Started udev Kernel Device Manager.
[[0;32m  OK  [0m] Started Dispatch Password Requests to Console Directory Watch.
[[0;32m  OK  [0m] Reached target Local File Systems (Pre).
[[0;32m  OK  [0m] Reached target Local File Systems.
         Starting Create Volatile Files and Directories...
         Starting Tell Plymouth To Write Out Runtime Data...
         Starting Set console font and keymap...
         Starting LSB: AppArmor initialization...
[[0;32m  OK  [0m] Found device /dev/ttyS0.
[[0;32m  OK  [0m] Started Tell Plymouth To Write Out Runtime Data.
[[0;32m  OK  [0m] Started Create Volatile Files and Directories.
[[0;32m  OK  [0m] Reached target System Time Synchronized.
         Starting Update UTMP about System Boot/Shutdown...
[[0;32m  OK  [0m] Started Update UTMP about System Boot/Shutdown.
[[0;32m  OK  [0m] Started Set console font and keymap.
[[0;32m  OK  [0m] Created slice system-getty.slice.
[[0;32m  OK  [0m] Found device 82540EM Gigabit Ethern...r (PRO/1000 MT Desktop Adapter).
[[0;32m  OK  [0m] Found device 82540EM Gigabit Ethern...r (PRO/1000 MT Desktop Adapter).
[[0;32m  OK  [0m] Listening on Load/Save RF Kill Switch Status /dev/rfkill Watch.
[[0;32m  OK  [0m] Started LSB: AppArmor initialization.
[   31.189963] cloud-init[439]: Cloud-init v. 17.1 running 'init-local' at Wed, 22 Nov 2017 08:15:41 +0000. Up 30.66 seconds.
[[0;32m  OK  [0m] Started Initial cloud-init job (pre-networking).
[[0;32m  OK  [0m] Reached target Network (Pre).
[[0;32m  OK  [0m] Started ifup for enp0s3.
[[0;32m  OK  [0m] Started ifup for enp0s8.
         Starting Raise network interfaces...
[[0;32m  OK  [0m] Started Raise network interfaces.
         Starting Initial cloud-init job (metadata service crawler)...
[[0;32m  OK  [0m] Reached target Network.
[   32.948414] cloud-init[1057]: Cloud-init v. 17.1 running 'init' at Wed, 22 Nov 2017 08:15:42 +0000. Up 32.00 seconds.
[[0;32m  OK  [0m] Started Initial cloud-init job (metadata service crawler).
[[0;32m  OK  [0m] Reached target System Initialization.
[[0;32m  OK  [0m] Listening on UUID daemon activation socket.
[   33.026526] cloud-init[1057]: ci-info: ++++++++++++++++++++++++++++++++++++++Net device info++++++++++++++++++++++++++++++++++++++
[   33.344614] cloud-init[1057]: ci-info: +--------+------+-----------------------------+---------------+-------+-------------------+
[   33.464600] cloud-init[1057]: ci-info: | Device |  Up  |           Address           |      Mask     | Scope |     Hw-Address    |
[   33.568866] cloud-init[1057]: ci-info: +--------+------+-----------------------------+---------------+-------+-------------------+
[[0;32m  OK  [0m] Listening on D-Bus System Message Bus Socket.
[   33.687406] cloud-init[1057]: ci-info: | enp0s3 | True |          10.0.2.15          | 255.255.255.0 |   .   | 02:7e:71:36:a3:a3 |
[   33.888678] cloud-init[1057]: ci-info: | enp0s3 | True |  fe80::7e:71ff:fe36:a3a3/64 |       .       |  link | 02:7e:71:36:a3:a3 |
[   34.040401] cloud-init[1057]: ci-info: | enp0s8 | True |        192.168.33.33        | 255.255.255.0 |   .   | 08:00:27:72:34:83 |
[   34.156763] cloud-init[1057]: ci-info: | enp0s8 | True | fe80::a00:27ff:fe72:3483/64 |       .       |  link | 08:00:27:72:34:83 |
[   34.288514] cloud-init[1057]: ci-info: |   lo   | True |          127.0.0.1          |   255.0.0.0   |   .   |         .         |
[[0;32m  OK  [0m] Started ACPI Events Check.
[[0;32m  OK  [0m] Reached target Paths.
[   34.431234] cloud-init[1057]: ci-info: |   lo   | True |           ::1/128           |       .       |  host |         .         |
[   34.652736] cloud-init[1057]: ci-info: +--------+------+-----------------------------+---------------+-------+-------------------+
[   34.768616] cloud-init[1057]: ci-info: ++++++++++++++++++++++++++++Route IPv4 info++++++++++++++++++++++++++++
[   34.888242] cloud-init[1057]: ci-info: +-------+--------------+----------+---------------+-----------+-------+
[   35.020622] cloud-init[1057]: ci-info: | Route | Destination  | Gateway  |    Genmask    | Interface | Flags |
[   35.148628] cloud-init[1057]: ci-info: +-------+--------------+----------+---------------+-----------+-------+
[[0;32m  OK  [0m] Started Timer to automatically refresh installed snaps.
[[0;32m  OK  [0m] Listening on ACPID Listen Socket.
[   35.255264]          cloud-initStarting Socket activation for snappy daemon.[1057]: 
ci-info: |   0   |   0.0.0.0    | 10.0.2.2 |    0.0.0.0    |   enp0s3  |   UG  |
[   35.540460] [cloud-init[0;32m  OK  [0m[1057]: ] ci-info: |   1   |   10.0.2.0   | 0.0.0.0  | 255.255.255.0 |   enp0s3  |   U   |Started Daily Cleanup of Temporary Directories.

[   35.540966] cloud-init[1057]: ci-info: |   2   | 192.168.33.0 | 0.0.0.0  | 255.255.255.0 |   enp0s8  |   U   |
[   35.805052]          cloud-initStarting LXD - unix socket.[1057]: 
ci-info: +-------+--------------+----------+---------------+-----------+-------+
[[0;32m  OK  [0m] Reached target Cloud-config availability.
[[0;32m  OK  [0m] Reached target Network is Online.
         Starting iSCSI initiator daemon (iscsid)...
[[0;32m  OK  [0m] Started Daily apt download activities.
[[0;32m  OK  [0m] Started Daily apt upgrade and clean activities.
[[0;32m  OK  [0m] Reached target Timers.
[[0;32m  OK  [0m] Listening on Socket activation for snappy daemon.
[[0;32m  OK  [0m] Listening on LXD - unix socket.
[[0;32m  OK  [0m] Reached target Sockets.
[[0;32m  OK  [0m] Reached target Basic System.
[[0;32m  OK  [0m] Started D-Bus System Message Bus.
[[0;32m  OK  [0m] Started Deferred execution scheduler.
         Starting System Logging Service...
         Starting Login Service...
         Starting MySQL Community Server...
[[0;32m  OK  [0m] Started Regular background program processing daemon.
         Starting /etc/rc.local Compatibility...
         Starting Snappy daemon...
         Starting The PHP 7.0 FastCGI Process Manager...
         Starting LSB: MD monitoring daemon...
         Starting Apply the settings specified in cloud-config...
[[0;32m  OK  [0m] Started Unattended Upgrades Shutdown.
         Starting LSB: Record successful boot for GRUB...
[[0;32m  OK  [0m] Started FUSE filesystem for LXC.
         Starting OpenBSD Secure Shell server...
         Starting LXD - container startup/shutdown...
         Starting Accounts Service...
[[0;32m  OK  [0m] Started ACPI event daemon.
[[0;32m  OK  [0m] Started System Logging Service.
[[0;32m  OK  [0m] Started iSCSI initiator daemon (iscsid).
[[0;32m  OK  [0m] Started /etc/rc.local Compatibility.
         Starting Login to default iSCSI targets...
[[0;32m  OK  [0m] Started Login Service.
[   38.788292] cloud-init[1140]: Cloud-init v. 17.1 running 'modules:config' at Wed, 22 Nov 2017 08:15:48 +0000. Up 37.77 seconds.
[[0;32m  OK  [0m] Started Apply the settings specified in cloud-config.
[[0;32m  OK  [0m] Started LSB: Record successful boot for GRUB.
[[0;32m  OK  [0m] Started LSB: MD monitoring daemon.
[[0;32m  OK  [0m] Started Login to default iSCSI targets.
[[0;32m  OK  [0m] Reached target Remote File Systems (Pre).
[[0;32m  OK  [0m] Reached target Remote File Systems.
         Starting LSB: daemon to balance interrupts for SMP systems...
         Starting LSB: VirtualBox Linux Additions...
         Starting LSB: Apache2 web server...
         Starting LSB: automatic crash report generation...
         Starting LSB: Set the CPU Frequency Scaling governor to "ondemand"...
         Starting Permit User Sessions...
[[0;32m  OK  [0m] Started LSB: Set the CPU Frequency Scaling governor to "ondemand".
[[0;32m  OK  [0m] Started Permit User Sessions.
         Starting Hold until boot process finishes up...
         Starting Terminate Plymouth Boot Screen...
[[0;32m  OK  [0m] Started LSB: automatic crash report generation.
[[0;32m  OK  [0m] Started LSB: daemon to balance interrupts for SMP systems.
[[0;32m  OK  [0m] Started Hold until boot process finishes up.
[[0;32m  OK  [0m] Started Terminate Plymouth Boot Screen.
         Starting Set console scheme...
[[0;32m  OK  [0m] Started Getty on tty1.
[[0;32m  OK  [0m] Started Serial Getty on ttyS0.
[[0;32m  OK  [0m] Reached target Login Prompts.
[[0;32m  OK  [0m] Started Set console scheme.
[[0;32m  OK  [0m] Started OpenBSD Secure Shell server.
         Starting Authenticate and Authorize Users to Run Privileged Tasks...
[[0;32m  OK  [0m] Started LSB: VirtualBox Linux Additions.
[[0;32m  OK  [0m] Started Authenticate and Authorize Users to Run Privileged Tasks.
[[0;32m  OK  [0m] Started Accounts Service.
[[0;32m  OK  [0m] Started Snappy daemon.
[[0;32m  OK  [0m] Started LXD - container startup/shutdown.

Ubuntu 16.04.3 LTS ubuntu-xenial ttyS0

ubuntu-xenial login: [   52.004818] cloud-init[1403]: Cloud-init v. 17.1 running 'modules:final' at Wed, 22 Nov 2017 08:16:02 +0000. Up 51.86 seconds.
[   52.005010] cloud-init[1403]: Cloud-init v. 17.1 finished at Wed, 22 Nov 2017 08:16:02 +0000. Datasource DataSourceNoCloud [seed=/dev/sdb][dsmode=net].  Up 52.00 seconds
[[0;32m  OK  [0m] Stopped target Graphical Interface.
[[0;32m  OK  [0m] Stopped target Cloud-i[         Stopping The PHP 7.0 FastCGI Process Manager...
         Stopping Unattended Upgrades Shutdown...
[[0;32m  OK  [0m] Stopped Timer to automatically refresh installed snaps.
         Stopping OpenBSD Secure Shell server...
         Stopping ACPI event daemon...
[[0;32m  OK  [0m] Stopped target System Time Synchronized.
         Stopping User Manager for UID 1000...
[[0;32m  OK  [0m] Stopped target Cloud-config availability.
[[0;32m  OK  [0m] Closed Load/Save RF Kill Switch Status /dev/rfkill Watch.
         Stopping LSB: automatic crash report generation...
[[0;32m  OK  [0m] Unmounted /var/lib/lxcfs.
[[0;32m  OK  [0m] Stopped Deferred execution scheduler.
[[0;32m  OK  [0m] Stopped System Logging Service.
[[0;32m  OK  [0m] Stopped Regular background program processing daemon.
[[0;32m  OK  [0m] Stopped Snappy daemon.
[[0;32m  OK  [0m] Stopped OpenBSD Secure Shell server.
[[0;32m  OK  [0m] Stopped Accounts Service.
[[0;32m  OK  [0m] Stopped ACPI event daemon.
[[0;32m  OK  [0m] Stopped Getty on tty1.
[[0;32m  OK  [0m] Stopped Serial Getty on ttyS0.
[[0;32m  OK  [0m] Stopped Authenticate and Authorize Users to Run Privileged Tasks.
[[0;32m  OK  [0m] Stopped The PHP 7.0 FastCGI Process Manager.
[[0;32m  OK  [0m] Stopped User Manager for UID 1000.
[[0;32m  OK  [0m] Stopped Session 3 of user ubuntu.
[[0;32m  OK  [0m] Stopped D-Bus System Message Bus.
[[0;32m  OK  [0m] Stopped Unattended Upgrades Shutdown.
[[0;32m  OK  [0m] Stopped FUSE filesystem for LXC.
[[0;32m  OK  [0m] Stopped LSB: Record successful boot for GRUB.
[[0;32m  OK  [0m] Stopped LSB: daemon to balance interrupts for SMP systems.
[[0;32m  OK  [0m] Stopped LSB: Apache2 web server.
[[0;32m  OK  [0m] Stopped LSB: VirtualBox Linux Additions.
[[0;32m  OK  [0m] Stopped LSB: Set the CPU Frequency Scaling governor to "ondemand".
[[0;32m  OK  [0m] Stopped LSB: MD monitoring daemon.
[[0;32m  OK  [0m] Stopped LXD - container startup/shutdown.
[[0;32m  OK  [0m] Removed slice User Slice of ubuntu.
         Stopping Login Service...
[[0;32m  OK  [0m] Removed slice system-serial\x2dgetty.slice.
[[0;32m  OK  [0m] Removed slice system-getty.slice.
         Stopping Permit User Sessions...
[[0;32m  OK  [0m] Stopped /etc/rc.local Compatibility.
[[0;32m  OK  [0m] Stopped Login Service.
[[0;32m  OK  [0m] Stopped LSB: automatic crash report generation.
[[0;32m  OK  [0m] Stopped MySQL Community Server.
[[0;32m  OK  [0m] Stopped Permit User Sessions.
[[0;32m  OK  [0m] Stopped target Remote File Systems.
[[0;32m  OK  [0m] Stopped target Remote File Systems (Pre).
         Stopping Login to default iSCSI targets...
[[0;32m  OK  [0m] Stopped target Basic System.
[[0;32m  OK  [0m] Stopped target Slices.
[[0;32m  OK  [0m] Removed slice User and Session Slice.
[[0;32m  OK  [0m] Stopped target Sockets.
[[0;32m  OK  [0m] Closed Socket activation for snappy daemon.
[[0;32m  OK  [0m] Closed UUID daemon activation socket.
[[0;32m  OK  [0m] Closed ACPID Listen Socket.
[[0;32m  OK  [0m] Closed Syslog Socket.
[[0;32m  OK  [0m] Closed LXD - unix socket.
[[0;32m  OK  [0m] Stopped target Paths.
[[0;32m  OK  [0m] Stopped Forward Password Requests to Wall Directory Watch.
[[0;32m  OK  [0m] Stopped Dispatch Password Requests to Console Directory Watch.
[[0;32m  OK  [0m] Stopped ACPI Events Check.
[[0;32m  OK  [0m] Closed D-Bus System Message Bus Socket.
[[0;32m  OK  [0m] Stopped target System Initialization.
[[0;32m  OK  [0m] Stopped target Swap.
         Stopping Load/Save Random Seed...
         Stopping Update UTMP about System Boot/Shutdown...
[[0;32m  OK  [0m] Stopped target Encrypted Volumes.
[[0;32m  OK  [0m] Stopped target User and Group Name Lookups.
[[0;32m  OK  [0m] Stopped Load/Save Random Seed.
[[0;32m  OK  [0m] Stopped Update UTMP about System Boot/Shutdown.
[[0;32m  OK  [0m] Stopped Create Volatile Files and Directories.
[[0;32m  OK  [0m] Stopped Login to default iSCSI targets.
         Stopping iSCSI initiator daemon (iscsid)...
[[0;32m  OK  [0m] Stopped iSCSI initiator daemon (iscsid).
[[0;32m  OK  [0m] Stopped target Network is Online.
[[0;32m  OK  [0m] Stopped target Network.
[[0;32m  OK  [0m] Stopped Initial cloud-init job (metadata service crawler).
         Stopping Raise network interfaces...
[[0;32m  OK  [0m] Stopped Raise network interfaces.
[[0;32m  OK  [0m] Stopped target Network (Pre).
[[0;32m  OK  [0m] Stopped Initial cloud-init job (pre-networking).
[[0;32m  OK  [0m] Stopped Apply Kernel Variables.
[[0;32m  OK  [0m] Stopped Load Kernel Modules.
[[0;32m  OK  [0m] Stopped target Local File Systems.
         Unmounting /run/user/1000...
[[0;32m  OK  [0m] Unmounted /run/user/1000.
[[0;32m  OK  [0m] Reached target Unmount All Filesystems.
[[0;32m  OK  [0m] Stopped target Local File Systems (Pre).
[[0;32m  OK  [0m] Stopped Remount Root and Kernel File Systems.
[[0;32m  OK  [0m] Stopped Create Static Device Nodes in /dev.
[[0;32m  OK  [0m] Reached target Shutdown.
[  165.320061] reboot: Power down
